This is pdfTeX, Version 3.141592653-2.6-1.40.22 (TeX Live 2021/W32TeX) (preloaded format=pdflatex 2021.8.23)  2 NOV 2021 00:51
entering extended mode
 restricted \write18 enabled.
 %&-line parsing enabled.
**msaM.tex
(./msaM.tex
LaTeX2e <2020-10-01> patch level 4
L3 programming layer <2021-02-18>
(c:/texlive/2021/texmf-dist/tex/latex/base/article.cls
Document Class: article 2020/04/10 v1.4m Standard LaTeX document class
(c:/texlive/2021/texmf-dist/tex/latex/base/size10.clo
File: size10.clo 2020/04/10 v1.4m Standard LaTeX file (size option)
)
\c@part=\count179
\c@section=\count180
\c@subsection=\count181
\c@subsubsection=\count182
\c@paragraph=\count183
\c@subparagraph=\count184
\c@figure=\count185
\c@table=\count186
\abovecaptionskip=\skip47
\belowcaptionskip=\skip48
\bibindent=\dimen138
)
(c:/Users/kevingaojx/Documents/R/win-library/4.1/msa/tex/texshade.sty
Package: texshade 2021/04/01 LaTeX TeXshade (v1.26)

Package `texshade', Version 1.26 of 2021/04/01.
(c:/texlive/2021/texmf-dist/tex/latex/graphics/color.sty
Package: color 2020/02/24 v1.2b Standard LaTeX Color (DPC)

(c:/texlive/2021/texmf-dist/tex/latex/graphics-cfg/color.cfg
File: color.cfg 2016/01/02 v1.6 sample color configuration
)
Package color Info: Driver file: dvips.def on input line 147.

(c:/texlive/2021/texmf-dist/tex/latex/graphics-def/dvips.def
File: dvips.def 2017/06/20 v3.1d Graphics/color driver for dvips
)
(c:/texlive/2021/texmf-dist/tex/latex/graphics/dvipsnam.def
File: dvipsnam.def 2016/06/17 v3.0m Driver-dependent file (DPC,SPQR)
))
(c:/texlive/2021/texmf-dist/tex/latex/graphics/graphics.sty
Package: graphics 2020/08/30 v1.4c Standard LaTeX Graphics (DPC,SPQR)

(c:/texlive/2021/texmf-dist/tex/latex/graphics/trig.sty
Package: trig 2016/01/03 v1.10 sin cos tan (DPC)
)
(c:/texlive/2021/texmf-dist/tex/latex/graphics-cfg/graphics.cfg
File: graphics.cfg 2016/06/04 v1.11 sample graphics configuration
)
Package graphics Info: Driver file: pdftex.def on input line 105.

(c:/texlive/2021/texmf-dist/tex/latex/graphics-def/pdftex.def
File: pdftex.def 2020/10/05 v1.2a Graphics/color driver for pdftex
))
\structurefile=\read2
\featurefile=\write3
\alignfile=\read3
\sublogofile=\read4
\exp@rtfile=\write4
\exp@rt@chimerafile=\write5

(c:/texlive/2021/texmf-dist/tex/latex/amsfonts/amssymb.sty
Package: amssymb 2013/01/14 v3.01 AMS font symbols

(c:/texlive/2021/texmf-dist/tex/latex/amsfonts/amsfonts.sty
Package: amsfonts 2013/01/14 v3.01 Basic AMSFonts support
\@emptytoks=\toks15
\symAMSa=\mathgroup4
\symAMSb=\mathgroup5
LaTeX Font Info:    Redeclaring math symbol \hbar on input line 98.
LaTeX Font Info:    Overwriting math alphabet `\mathfrak' in version `bold'
(Font)                  U/euf/m/n --> U/euf/b/n on input line 106.
))
\symalphahelix=\mathgroup6
\loopcount=\count187
\innerloopcount=\count188
\outerloopcount=\count189
\seq@count=\count190
\killseq@count=\count191
\seq@percent=\count192
\res@count=\count193
\seq@pointer=\count194
\pos@count=\count195
\res@perline=\count196
\end@count=\count197
\cons@count=\count198
\total@count=\count199
\temp@count=\count266
\triple@count=\count267
\temp@@count=\count268
\pos@sum=\count269
\box@width=\skip49
\name@width=\skip50
\box@depth=\skip51
\width@tmp=\skip52
\box@height=\skip53
\number@width=\skip54
\line@stretch=\skip55
\center@fill=\skip56
\arrow@width=\skip57
\arrow@height=\skip58
\rule@thick=\skip59
\arrow@thick=\skip60
\logo@height=\skip61
\equal@width=\skip62
\equal@tmp=\skip63
\equal@height=\skip64
\temp@@length=\skip65
\vspace@legend=\skip66
\hspace@legend=\skip67
\bar@length=\skip68
Package color Info: Redefining color LightGray on input line 1716.
Package color Info: Redefining color LightLightGray on input line 1817.
Package color Info: Redefining color LightLightLightGray on input line 1919.
)
(c:/texlive/2021/texmf-dist/tex/latex/l3backend/l3backend-pdftex.def
File: l3backend-pdftex.def 2021-03-18 L3 backend support: PDF output (pdfTeX)
\l__color_backend_stack_int=\count270
\l__pdf_internal_box=\box47
)
No file msaM.aux.
\openout1 = `msaM.aux'.

LaTeX Font Info:    Checking defaults for OML/cmm/m/it on input line 24.
LaTeX Font Info:    ... okay on input line 24.
LaTeX Font Info:    Checking defaults for OMS/cmsy/m/n on input line 24.
LaTeX Font Info:    ... okay on input line 24.
LaTeX Font Info:    Checking defaults for OT1/cmr/m/n on input line 24.
LaTeX Font Info:    ... okay on input line 24.
LaTeX Font Info:    Checking defaults for T1/cmr/m/n on input line 24.
LaTeX Font Info:    ... okay on input line 24.
LaTeX Font Info:    Checking defaults for TS1/cmr/m/n on input line 24.
LaTeX Font Info:    ... okay on input line 24.
LaTeX Font Info:    Checking defaults for OMX/cmex/m/n on input line 24.
LaTeX Font Info:    ... okay on input line 24.
LaTeX Font Info:    Checking defaults for U/cmr/m/n on input line 24.
LaTeX Font Info:    ... okay on input line 24.
(c:/texlive/2021/texmf-dist/tex/context/base/mkii/supp-pdf.mkii
[Loading MPS to PDF converter (version 2006.09.02).]
\scratchcounter=\count271
\scratchdimen=\dimen139
\scratchbox=\box48
\nofMPsegments=\count272
\nofMParguments=\count273
\everyMPshowfont=\toks16
\MPscratchCnt=\count274
\MPscratchDim=\dimen140
\MPnumerator=\count275
\makeMPintoPDFobject=\count276
\everyMPtoPDFconversion=\toks17
) (c:/texlive/2021/texmf-dist/tex/latex/epstopdf-pkg/epstopdf-base.sty
Package: epstopdf-base 2020-01-24 v2.11 Base part for package epstopdf
Package epstopdf-base Info: Redefining graphics rule for `.eps' on input line 4
85.

(c:/texlive/2021/texmf-dist/tex/latex/latexconfig/epstopdf-sys.cfg
File: epstopdf-sys.cfg 2010/07/13 v1.3 Configuration of (r)epstopdf for TeX Liv
e
))

! Package TeXshade Error: File `C:/Users/KEVING\nobreakspace {}2/AppData/Local/
Temp/Rtmpkldy1V/seq71b02d7863e5.fasta' not found.

See the TeXshade package documentation for explanation.
Type  H <return>  for immediate help.
 ...                                              
                                                  
l.25 ...cal/Temp/Rtmpkldy1V/seq71b02d7863e5.fasta}
                                                  

The alignment file you specified is missing or you have 
misspelled it. 

Stop here, otherwise you're likely getting in trouble. 
Type X <return> to quit. 


[1
Non-PDF special ignored!
<special> papersize=794.96999pt,614.295pt

{c:/texlive/2021/texmf-var/fonts/map/pdftex/updmap/pdftex.map
!pdfTeX error: pdflatex.exe (file c:/texlive/2021/texmf-var/fonts/map/pdftex/up
dmap/pdftex.map): fflush() failed (Bad file descriptor)
 ==> Fatal error occurred, no output PDF file produced!
